<?xml version="1.0" encoding="UTF-8"?>
<testsuite name="Cucumber" time="44.266" tests="4" skipped="0" failures="2" errors="0">
<testcase classname="Edit Patient Information" name="Update family name for a registered patient" time="6.836">
<failure type="org.openqa.selenium.NoSuchElementException" message="no such element: Unable to locate element: {&quot;method&quot;:&quot;xpath&quot;,&quot;selector&quot;:&quot;//a[contains(text(),'Edit Registration Information')]&quot;}
  (Session info: chrome=134.0.6998.178)
For documentation on this error, please visit: https://www.selenium.dev/documentation/webdriver/troubleshooting/errors#no-such-element-exception
Build info: version: '4.11.0', revision: '040bc5406b'
System info: os.name: 'Windows 11', os.arch: 'amd64', os.version: '10.0', java.version: '21.0.6'
Driver info: org.openqa.selenium.chrome.ChromeDriver
Command: [f6481bc7d772120fed2dea069eeddae0, findElement {using=xpath, value=//a[contains(text(),'Edit Registration Information')]}]
Capabilities {acceptInsecureCerts: false, browserName: chrome, browserVersion: 134.0.6998.178, chrome: {chromedriverVersion: 134.0.6998.165 (fd886e2cb29..., userDataDir: C:\Users\P12C13A\AppData\Lo...}, fedcm:accounts: true, goog:chromeOptions: {debuggerAddress: localhost:61277}, networkConnectionEnabled: false, pageLoadStrategy: normal, platformName: windows, proxy: Proxy(), se:cdp: ws://localhost:61277/devtoo..., se:cdpVersion: 134.0.6998.178, setWindowRect: true, strictFileInteractability: false, timeouts: {implicit: 0, pageLoad: 300000, script: 30000}, unhandledPromptBehavior: dismiss and notify, webauthn:extension:credBlob: true, webauthn:extension:largeBlob: true, webauthn:extension:minPinLength: true, webauthn:extension:prf: true, webauthn:virtualAuthenticators: true}
Session ID: f6481bc7d772120fed2dea069eeddae0">
<![CDATA[org.openqa.selenium.NoSuchElementException: no such element: Unable to locate element: {"method":"xpath","selector":"//a[contains(text(),'Edit Registration Information')]"}
  (Session info: chrome=134.0.6998.178)
For documentation on this error, please visit: https://www.selenium.dev/documentation/webdriver/troubleshooting/errors#no-such-element-exception
Build info: version: '4.11.0', revision: '040bc5406b'
System info: os.name: 'Windows 11', os.arch: 'amd64', os.version: '10.0', java.version: '21.0.6'
Driver info: org.openqa.selenium.chrome.ChromeDriver
Command: [f6481bc7d772120fed2dea069eeddae0, findElement {using=xpath, value=//a[contains(text(),'Edit Registration Information')]}]
Capabilities {acceptInsecureCerts: false, browserName: chrome, browserVersion: 134.0.6998.178, chrome: {chromedriverVersion: 134.0.6998.165 (fd886e2cb29..., userDataDir: C:\Users\P12C13A\AppData\Lo...}, fedcm:accounts: true, goog:chromeOptions: {debuggerAddress: localhost:61277}, networkConnectionEnabled: false, pageLoadStrategy: normal, platformName: windows, proxy: Proxy(), se:cdp: ws://localhost:61277/devtoo..., se:cdpVersion: 134.0.6998.178, setWindowRect: true, strictFileInteractability: false, timeouts: {implicit: 0, pageLoad: 300000, script: 30000}, unhandledPromptBehavior: dismiss and notify, webauthn:extension:credBlob: true, webauthn:extension:largeBlob: true, webauthn:extension:minPinLength: true, webauthn:extension:prf: true, webauthn:virtualAuthenticators: true}
Session ID: f6481bc7d772120fed2dea069eeddae0
	at java.base/jdk.internal.reflect.DirectConstructorHandleAccessor.newInstance(DirectConstructorHandleAccessor.java:62)
	at java.base/java.lang.reflect.Constructor.newInstanceWithCaller(Constructor.java:502)
	at java.base/java.lang.reflect.Constructor.newInstance(Constructor.java:486)
	at org.openqa.selenium.remote.codec.w3c.W3CHttpResponseCodec.createException(W3CHttpResponseCodec.java:200)
	at org.openqa.selenium.remote.codec.w3c.W3CHttpResponseCodec.decode(W3CHttpResponseCodec.java:133)
	at org.openqa.selenium.remote.codec.w3c.W3CHttpResponseCodec.decode(W3CHttpResponseCodec.java:52)
	at org.openqa.selenium.remote.HttpCommandExecutor.execute(HttpCommandExecutor.java:191)
	at org.openqa.selenium.remote.service.DriverCommandExecutor.invokeExecute(DriverCommandExecutor.java:196)
	at org.openqa.selenium.remote.service.DriverCommandExecutor.execute(DriverCommandExecutor.java:171)
	at org.openqa.selenium.remote.RemoteWebDriver.execute(RemoteWebDriver.java:518)
	at org.openqa.selenium.remote.ElementLocation$ElementFinder$2.findElement(ElementLocation.java:165)
	at org.openqa.selenium.remote.ElementLocation.findElement(ElementLocation.java:59)
	at org.openqa.selenium.remote.RemoteWebDriver.findElement(RemoteWebDriver.java:355)
	at org.openqa.selenium.remote.RemoteWebDriver.findElement(RemoteWebDriver.java:349)
	at myPages.PatientDetailsPage.clickEditRegistration(PatientDetailsPage.java:15)
	at stepDefinitions.EditPatientSteps.clickEditRegistration(EditPatientSteps.java:25)
	at ✽.they click on Edit Registration Information(file:///C:/Users/P12C13A/eclipse-workspace/OpenMRS2/src/test/java/features/EditPatient.feature:5)
]]>
</failure>
<system-out><![CDATA[
Given the user is on the patient details page...............................passed
When they click on Edit Registration Information............................failed
And they update the family name to "Smith"..................................skipped
And they navigate through demographic steps.................................skipped
Then the patient details should be updated successfully.....................skipped
]]></system-out>
</testcase>
<testcase classname="Login to OpenMRS Application" name="Login with invalid credentials" time="7.158">
<system-out><![CDATA[
Given the user is on the OpenMRS login page.................................passed
When they enter username "wrongUser" and password "wrongPass"...............passed
And they select the location and click login................................passed
Then they should see an error message.......................................passed
]]></system-out>
</testcase>
<testcase classname="Login to OpenMRS Application" name="Login with valid credentials" time="4.553">
<failure type="java.lang.AssertionError" message="User should be on the home page. expected [true] but found [false]">
<![CDATA[java.lang.AssertionError: User should be on the home page. expected [true] but found [false]
	at org.testng.Assert.fail(Assert.java:110)
	at org.testng.Assert.failNotEquals(Assert.java:1577)
	at org.testng.Assert.assertTrue(Assert.java:56)
	at stepDefinitions.LoginSteps.verifySuccessfulLogin(LoginSteps.java:43)
	at ✽.they should be redirected to the home page(file:///C:/Users/P12C13A/eclipse-workspace/OpenMRS2/src/test/java/features/Login.feature:13)
]]>
</failure>
<system-out><![CDATA[
Given the user is on the OpenMRS login page.................................passed
When they enter username "admin" and password "Admin123"....................passed
And they select the location and click login................................passed
Then they should be redirected to the home page.............................failed
]]></system-out>
</testcase>
<testcase classname="Register a New Patient" name="Successful patient registration" time="25.593">
<system-out><![CDATA[
Given the user is logged into OpenMRS.......................................passed
When they navigate to the Register Patient page.............................passed
And they enter "John" as the given name and "Doe" as the family name........passed
And they select "Male" as gender and enter birthdate "10 March 1995"........passed
And they provide address "123 Main Street" and phone number "9876543210"....passed
And they submit the registration form.......................................passed
Then the patient should be successfully registered..........................passed
]]></system-out>
</testcase>
</testsuite>
